{"C:\\Users\\gerar\\vscodes\\curso-react\\03-gifs-app\\src\\GifsApp.tsx": {"path":"C:\\Users\\gerar\\vscodes\\curso-react\\03-gifs-app\\src\\GifsApp.tsx","all":false,"statementMap":{"1":{"start":{"line":2,"column":0},"end":{"line":2,"column":51}},"2":{"start":{"line":3,"column":0},"end":{"line":3,"column":69}},"3":{"start":{"line":4,"column":0},"end":{"line":4,"column":51}},"4":{"start":{"line":5,"column":0},"end":{"line":5,"column":63}},"5":{"start":{"line":6,"column":0},"end":{"line":6,"column":57}},"7":{"start":{"line":8,"column":0},"end":{"line":8,"column":46}},"9":{"start":{"line":10,"column":0},"end":{"line":10,"column":30}},"11":{"start":{"line":12,"column":0},"end":{"line":12,"column":76}},"15":{"start":{"line":16,"column":0},"end":{"line":16,"column":12}},"16":{"start":{"line":17,"column":0},"end":{"line":17,"column":10}},"17":{"start":{"line":18,"column":0},"end":{"line":18,"column":26}},"18":{"start":{"line":19,"column":0},"end":{"line":19,"column":37}},"19":{"start":{"line":20,"column":0},"end":{"line":20,"column":59}},"22":{"start":{"line":23,"column":0},"end":{"line":23,"column":23}},"23":{"start":{"line":24,"column":0},"end":{"line":24,"column":39}},"24":{"start":{"line":25,"column":0},"end":{"line":25,"column":36}},"27":{"start":{"line":28,"column":0},"end":{"line":28,"column":30}},"28":{"start":{"line":29,"column":0},"end":{"line":29,"column":39}},"29":{"start":{"line":30,"column":0},"end":{"line":30,"column":50}},"32":{"start":{"line":33,"column":0},"end":{"line":33,"column":34}},"35":{"start":{"line":36,"column":0},"end":{"line":36,"column":1}}},"s":{"1":1,"2":1,"3":1,"4":1,"5":1,"7":1,"9":1,"11":1,"15":1,"16":1,"17":1,"18":1,"19":1,"22":1,"23":1,"24":1,"27":1,"28":1,"29":1,"32":1,"35":1},"branchMap":{"0":{"type":"branch","line":10,"loc":{"start":{"line":10,"column":23},"end":{"line":36,"column":1}},"locations":[{"start":{"line":10,"column":23},"end":{"line":36,"column":1}}]}},"b":{"0":[1]},"fnMap":{"0":{"name":"GifsApp","decl":{"start":{"line":10,"column":23},"end":{"line":36,"column":1}},"loc":{"start":{"line":10,"column":23},"end":{"line":36,"column":1}},"line":10}},"f":{"0":1}}
,"C:\\Users\\gerar\\vscodes\\curso-react\\03-gifs-app\\src\\main.tsx": {"path":"C:\\Users\\gerar\\vscodes\\curso-react\\03-gifs-app\\src\\main.tsx","all":true,"statementMap":{"0":{"start":{"line":1,"column":0},"end":{"line":1,"column":34}},"1":{"start":{"line":2,"column":0},"end":{"line":2,"column":45}},"2":{"start":{"line":3,"column":0},"end":{"line":3,"column":20}},"3":{"start":{"line":4,"column":0},"end":{"line":4,"column":35}},"5":{"start":{"line":6,"column":0},"end":{"line":6,"column":52}},"6":{"start":{"line":7,"column":0},"end":{"line":7,"column":14}},"7":{"start":{"line":8,"column":0},"end":{"line":8,"column":15}}},"s":{"0":0,"1":0,"2":0,"3":0,"5":0,"6":0,"7":0},"branchMap":{"0":{"type":"branch","line":1,"loc":{"start":{"line":1,"column":250},"end":{"line":10,"column":1}},"locations":[{"start":{"line":1,"column":250},"end":{"line":10,"column":1}}]}},"b":{"0":[0]},"fnMap":{"0":{"name":"(empty-report)","decl":{"start":{"line":1,"column":250},"end":{"line":10,"column":1}},"loc":{"start":{"line":1,"column":250},"end":{"line":10,"column":1}},"line":1}},"f":{"0":0}}
,"C:\\Users\\gerar\\vscodes\\curso-react\\03-gifs-app\\src\\gifs\\actions\\get-gifs-by-query.action.ts": {"path":"C:\\Users\\gerar\\vscodes\\curso-react\\03-gifs-app\\src\\gifs\\actions\\get-gifs-by-query.action.ts","all":false,"statementMap":{"2":{"start":{"line":3,"column":0},"end":{"line":3,"column":44}},"6":{"start":{"line":7,"column":0},"end":{"line":7,"column":73}},"7":{"start":{"line":8,"column":0},"end":{"line":8,"column":36}},"8":{"start":{"line":9,"column":0},"end":{"line":9,"column":18}},"9":{"start":{"line":10,"column":0},"end":{"line":10,"column":5}},"11":{"start":{"line":12,"column":0},"end":{"line":12,"column":9}},"12":{"start":{"line":13,"column":0},"end":{"line":13,"column":67}},"13":{"start":{"line":14,"column":0},"end":{"line":14,"column":21}},"14":{"start":{"line":15,"column":0},"end":{"line":15,"column":25}},"15":{"start":{"line":16,"column":0},"end":{"line":16,"column":26}},"16":{"start":{"line":17,"column":0},"end":{"line":17,"column":13}},"17":{"start":{"line":18,"column":0},"end":{"line":18,"column":11}},"19":{"start":{"line":20,"column":0},"end":{"line":20,"column":48}},"20":{"start":{"line":21,"column":0},"end":{"line":21,"column":23}},"21":{"start":{"line":22,"column":0},"end":{"line":22,"column":29}},"22":{"start":{"line":23,"column":0},"end":{"line":23,"column":41}},"23":{"start":{"line":24,"column":0},"end":{"line":24,"column":54}},"24":{"start":{"line":25,"column":0},"end":{"line":25,"column":56}},"25":{"start":{"line":26,"column":0},"end":{"line":26,"column":15}},"26":{"start":{"line":27,"column":0},"end":{"line":27,"column":21}},"27":{"start":{"line":28,"column":0},"end":{"line":28,"column":29}},"28":{"start":{"line":29,"column":0},"end":{"line":29,"column":18}},"29":{"start":{"line":30,"column":0},"end":{"line":30,"column":5}},"31":{"start":{"line":32,"column":0},"end":{"line":32,"column":2}}},"s":{"2":1,"6":1,"7":4,"8":0,"9":0,"11":4,"12":4,"13":4,"14":4,"15":4,"16":4,"17":4,"19":4,"20":80,"21":80,"22":80,"23":80,"24":80,"25":80,"26":4,"27":0,"28":0,"29":0,"31":4},"branchMap":{"0":{"type":"branch","line":7,"loc":{"start":{"line":7,"column":31},"end":{"line":32,"column":2}},"locations":[{"start":{"line":7,"column":31},"end":{"line":32,"column":2}}]},"1":{"type":"branch","line":8,"loc":{"start":{"line":8,"column":35},"end":{"line":10,"column":5}},"locations":[{"start":{"line":8,"column":35},"end":{"line":10,"column":5}}]},"2":{"type":"branch","line":27,"loc":{"start":{"line":27,"column":6},"end":{"line":30,"column":5}},"locations":[{"start":{"line":27,"column":6},"end":{"line":30,"column":5}}]},"3":{"type":"branch","line":20,"loc":{"start":{"line":20,"column":39},"end":{"line":26,"column":15}},"locations":[{"start":{"line":20,"column":39},"end":{"line":26,"column":15}}]}},"b":{"0":[4],"1":[0],"2":[0],"3":[80]},"fnMap":{"0":{"name":"getGifsByQuery","decl":{"start":{"line":7,"column":31},"end":{"line":32,"column":2}},"loc":{"start":{"line":7,"column":31},"end":{"line":32,"column":2}},"line":7}},"f":{"0":4}}
,"C:\\Users\\gerar\\vscodes\\curso-react\\03-gifs-app\\src\\gifs\\api\\giphy.api.ts": {"path":"C:\\Users\\gerar\\vscodes\\curso-react\\03-gifs-app\\src\\gifs\\api\\giphy.api.ts","all":false,"statementMap":{"0":{"start":{"line":1,"column":0},"end":{"line":1,"column":26}},"3":{"start":{"line":4,"column":0},"end":{"line":4,"column":38}},"4":{"start":{"line":5,"column":0},"end":{"line":5,"column":45}},"5":{"start":{"line":6,"column":0},"end":{"line":6,"column":13}},"6":{"start":{"line":7,"column":0},"end":{"line":7,"column":19}},"7":{"start":{"line":8,"column":0},"end":{"line":8,"column":52}},"8":{"start":{"line":9,"column":0},"end":{"line":9,"column":5}},"9":{"start":{"line":10,"column":0},"end":{"line":10,"column":2}}},"s":{"0":1,"3":1,"4":1,"5":1,"6":1,"7":1,"8":1,"9":1},"branchMap":{},"b":{},"fnMap":{},"f":{}}
,"C:\\Users\\gerar\\vscodes\\curso-react\\03-gifs-app\\src\\gifs\\components\\GifList.tsx": {"path":"C:\\Users\\gerar\\vscodes\\curso-react\\03-gifs-app\\src\\gifs\\components\\GifList.tsx","all":false,"statementMap":{"9":{"start":{"line":10,"column":0},"end":{"line":10,"column":43}},"11":{"start":{"line":12,"column":0},"end":{"line":12,"column":12}},"12":{"start":{"line":13,"column":0},"end":{"line":13,"column":36}},"13":{"start":{"line":14,"column":0},"end":{"line":14,"column":28}},"14":{"start":{"line":15,"column":0},"end":{"line":15,"column":51}},"15":{"start":{"line":16,"column":0},"end":{"line":16,"column":53}},"16":{"start":{"line":17,"column":0},"end":{"line":17,"column":36}},"17":{"start":{"line":18,"column":0},"end":{"line":18,"column":19}},"18":{"start":{"line":19,"column":0},"end":{"line":19,"column":52}},"24":{"start":{"line":25,"column":0},"end":{"line":25,"column":1}}},"s":{"9":1,"11":1,"12":1,"13":1,"14":1,"15":1,"16":1,"17":1,"18":1,"24":1},"branchMap":{"0":{"type":"branch","line":10,"loc":{"start":{"line":10,"column":23},"end":{"line":25,"column":1}},"locations":[{"start":{"line":10,"column":23},"end":{"line":25,"column":1}}]}},"b":{"0":[1]},"fnMap":{"0":{"name":"GifList","decl":{"start":{"line":10,"column":23},"end":{"line":25,"column":1}},"loc":{"start":{"line":10,"column":23},"end":{"line":25,"column":1}},"line":10}},"f":{"0":1}}
,"C:\\Users\\gerar\\vscodes\\curso-react\\03-gifs-app\\src\\gifs\\components\\PreviousSearches.tsx": {"path":"C:\\Users\\gerar\\vscodes\\curso-react\\03-gifs-app\\src\\gifs\\components\\PreviousSearches.tsx","all":false,"statementMap":{"5":{"start":{"line":6,"column":0},"end":{"line":6,"column":71}},"6":{"start":{"line":7,"column":0},"end":{"line":7,"column":10}},"7":{"start":{"line":8,"column":0},"end":{"line":8,"column":39}},"8":{"start":{"line":9,"column":0},"end":{"line":9,"column":34}},"9":{"start":{"line":10,"column":0},"end":{"line":10,"column":47}},"11":{"start":{"line":12,"column":0},"end":{"line":12,"column":38}},"12":{"start":{"line":13,"column":0},"end":{"line":13,"column":20}},"13":{"start":{"line":14,"column":0},"end":{"line":14,"column":30}},"14":{"start":{"line":15,"column":0},"end":{"line":15,"column":56}},"16":{"start":{"line":17,"column":0},"end":{"line":17,"column":26}},"23":{"start":{"line":24,"column":0},"end":{"line":24,"column":1}}},"s":{"5":1,"6":1,"7":1,"8":1,"9":1,"11":1,"12":1,"13":1,"14":1,"16":1,"23":1},"branchMap":{"0":{"type":"branch","line":6,"loc":{"start":{"line":6,"column":32},"end":{"line":24,"column":1}},"locations":[{"start":{"line":6,"column":32},"end":{"line":24,"column":1}}]}},"b":{"0":[1]},"fnMap":{"0":{"name":"PreviousSearches","decl":{"start":{"line":6,"column":32},"end":{"line":24,"column":1}},"loc":{"start":{"line":6,"column":32},"end":{"line":24,"column":1}},"line":6}},"f":{"0":1}}
,"C:\\Users\\gerar\\vscodes\\curso-react\\03-gifs-app\\src\\gifs\\hooks\\usegifs.tsx": {"path":"C:\\Users\\gerar\\vscodes\\curso-react\\03-gifs-app\\src\\gifs\\hooks\\usegifs.tsx","all":false,"statementMap":{"0":{"start":{"line":1,"column":0},"end":{"line":1,"column":41}},"2":{"start":{"line":3,"column":0},"end":{"line":3,"column":69}},"4":{"start":{"line":5,"column":0},"end":{"line":5,"column":47}},"6":{"start":{"line":7,"column":0},"end":{"line":7,"column":30}},"8":{"start":{"line":9,"column":0},"end":{"line":9,"column":67}},"9":{"start":{"line":10,"column":0},"end":{"line":10,"column":48}},"11":{"start":{"line":12,"column":0},"end":{"line":12,"column":56}},"13":{"start":{"line":14,"column":0},"end":{"line":14,"column":55}},"14":{"start":{"line":15,"column":0},"end":{"line":15,"column":38}},"15":{"start":{"line":16,"column":0},"end":{"line":16,"column":45}},"16":{"start":{"line":17,"column":0},"end":{"line":17,"column":19}},"17":{"start":{"line":18,"column":0},"end":{"line":18,"column":9}},"19":{"start":{"line":20,"column":0},"end":{"line":20,"column":48}},"20":{"start":{"line":21,"column":0},"end":{"line":21,"column":22}},"21":{"start":{"line":22,"column":0},"end":{"line":22,"column":39}},"22":{"start":{"line":23,"column":0},"end":{"line":23,"column":5}},"24":{"start":{"line":25,"column":0},"end":{"line":25,"column":56}},"25":{"start":{"line":26,"column":0},"end":{"line":26,"column":43}},"27":{"start":{"line":28,"column":0},"end":{"line":28,"column":39}},"29":{"start":{"line":30,"column":0},"end":{"line":30,"column":51}},"31":{"start":{"line":32,"column":0},"end":{"line":32,"column":63}},"33":{"start":{"line":34,"column":0},"end":{"line":34,"column":49}},"34":{"start":{"line":35,"column":0},"end":{"line":35,"column":22}},"35":{"start":{"line":36,"column":0},"end":{"line":36,"column":40}},"36":{"start":{"line":37,"column":0},"end":{"line":37,"column":5}},"39":{"start":{"line":40,"column":0},"end":{"line":40,"column":12}},"40":{"start":{"line":41,"column":0},"end":{"line":41,"column":13}},"41":{"start":{"line":42,"column":0},"end":{"line":42,"column":21}},"43":{"start":{"line":44,"column":0},"end":{"line":44,"column":26}},"44":{"start":{"line":45,"column":0},"end":{"line":45,"column":21}},"45":{"start":{"line":46,"column":0},"end":{"line":46,"column":3}},"46":{"start":{"line":47,"column":0},"end":{"line":47,"column":1}}},"s":{"0":1,"2":1,"4":1,"6":1,"8":19,"9":19,"11":19,"13":19,"14":3,"15":1,"16":1,"17":1,"19":2,"20":2,"21":2,"22":2,"24":19,"25":10,"27":10,"29":10,"31":10,"33":10,"34":10,"35":10,"36":10,"39":19,"40":19,"41":19,"43":19,"44":19,"45":19,"46":19},"branchMap":{"0":{"type":"branch","line":7,"loc":{"start":{"line":7,"column":23},"end":{"line":47,"column":1}},"locations":[{"start":{"line":7,"column":23},"end":{"line":47,"column":1}}]},"1":{"type":"branch","line":14,"loc":{"start":{"line":14,"column":30},"end":{"line":23,"column":5}},"locations":[{"start":{"line":14,"column":30},"end":{"line":23,"column":5}}]},"2":{"type":"branch","line":15,"loc":{"start":{"line":15,"column":37},"end":{"line":18,"column":9}},"locations":[{"start":{"line":15,"column":37},"end":{"line":18,"column":9}}]},"3":{"type":"branch","line":18,"loc":{"start":{"line":18,"column":8},"end":{"line":23,"column":5}},"locations":[{"start":{"line":18,"column":8},"end":{"line":23,"column":5}}]},"4":{"type":"branch","line":25,"loc":{"start":{"line":25,"column":25},"end":{"line":37,"column":5}},"locations":[{"start":{"line":25,"column":25},"end":{"line":37,"column":5}}]},"5":{"type":"branch","line":28,"loc":{"start":{"line":28,"column":32},"end":{"line":28,"column":39}},"locations":[{"start":{"line":28,"column":32},"end":{"line":28,"column":39}}]},"6":{"type":"branch","line":30,"loc":{"start":{"line":30,"column":44},"end":{"line":30,"column":51}},"locations":[{"start":{"line":30,"column":44},"end":{"line":30,"column":51}}]}},"b":{"0":[19],"1":[3],"2":[1],"3":[2],"4":[10],"5":[0],"6":[0]},"fnMap":{"0":{"name":"useGifs","decl":{"start":{"line":7,"column":23},"end":{"line":47,"column":1}},"loc":{"start":{"line":7,"column":23},"end":{"line":47,"column":1}},"line":7},"1":{"name":"handleTermClicked","decl":{"start":{"line":14,"column":30},"end":{"line":23,"column":5}},"loc":{"start":{"line":14,"column":30},"end":{"line":23,"column":5}},"line":14},"2":{"name":"handleSearch","decl":{"start":{"line":25,"column":25},"end":{"line":37,"column":5}},"loc":{"start":{"line":25,"column":25},"end":{"line":37,"column":5}},"line":25}},"f":{"0":19,"1":3,"2":10}}
,"C:\\Users\\gerar\\vscodes\\curso-react\\03-gifs-app\\src\\gifs\\interfaces\\gif.interface.ts": {"path":"C:\\Users\\gerar\\vscodes\\curso-react\\03-gifs-app\\src\\gifs\\interfaces\\gif.interface.ts","all":true,"statementMap":{},"s":{},"branchMap":{"0":{"type":"branch","line":1,"loc":{"start":{"line":1,"column":111},"end":{"line":7,"column":1}},"locations":[{"start":{"line":1,"column":111},"end":{"line":7,"column":1}}]}},"b":{"0":[1]},"fnMap":{"0":{"name":"(empty-report)","decl":{"start":{"line":1,"column":111},"end":{"line":7,"column":1}},"loc":{"start":{"line":1,"column":111},"end":{"line":7,"column":1}},"line":1}},"f":{"0":1}}
,"C:\\Users\\gerar\\vscodes\\curso-react\\03-gifs-app\\src\\gifs\\interfaces\\giphy.response.ts": {"path":"C:\\Users\\gerar\\vscodes\\curso-react\\03-gifs-app\\src\\gifs\\interfaces\\giphy.response.ts","all":true,"statementMap":{},"s":{},"branchMap":{"0":{"type":"branch","line":1,"loc":{"start":{"line":1,"column":3544},"end":{"line":131,"column":1}},"locations":[{"start":{"line":1,"column":3544},"end":{"line":131,"column":1}}]}},"b":{"0":[1]},"fnMap":{"0":{"name":"(empty-report)","decl":{"start":{"line":1,"column":3544},"end":{"line":131,"column":1}},"loc":{"start":{"line":1,"column":3544},"end":{"line":131,"column":1}},"line":1}},"f":{"0":1}}
,"C:\\Users\\gerar\\vscodes\\curso-react\\03-gifs-app\\src\\mock-data\\gifs.mock.ts": {"path":"C:\\Users\\gerar\\vscodes\\curso-react\\03-gifs-app\\src\\mock-data\\gifs.mock.ts","all":true,"statementMap":{"3":{"start":{"line":4,"column":0},"end":{"line":4,"column":32}},"4":{"start":{"line":5,"column":0},"end":{"line":5,"column":3}},"5":{"start":{"line":6,"column":0},"end":{"line":6,"column":12}},"6":{"start":{"line":7,"column":0},"end":{"line":7,"column":29}},"7":{"start":{"line":8,"column":0},"end":{"line":8,"column":185}},"8":{"start":{"line":9,"column":0},"end":{"line":9,"column":15}},"9":{"start":{"line":10,"column":0},"end":{"line":10,"column":16}},"10":{"start":{"line":11,"column":0},"end":{"line":11,"column":4}},"11":{"start":{"line":12,"column":0},"end":{"line":12,"column":3}},"12":{"start":{"line":13,"column":0},"end":{"line":13,"column":12}},"13":{"start":{"line":14,"column":0},"end":{"line":14,"column":23}},"14":{"start":{"line":15,"column":0},"end":{"line":15,"column":70}},"15":{"start":{"line":16,"column":0},"end":{"line":16,"column":15}},"16":{"start":{"line":17,"column":0},"end":{"line":17,"column":16}},"17":{"start":{"line":18,"column":0},"end":{"line":18,"column":4}},"18":{"start":{"line":19,"column":0},"end":{"line":19,"column":3}},"19":{"start":{"line":20,"column":0},"end":{"line":20,"column":12}},"20":{"start":{"line":21,"column":0},"end":{"line":21,"column":25}},"21":{"start":{"line":22,"column":0},"end":{"line":22,"column":185}},"22":{"start":{"line":23,"column":0},"end":{"line":23,"column":15}},"23":{"start":{"line":24,"column":0},"end":{"line":24,"column":16}},"24":{"start":{"line":25,"column":0},"end":{"line":25,"column":4}},"25":{"start":{"line":26,"column":0},"end":{"line":26,"column":3}},"26":{"start":{"line":27,"column":0},"end":{"line":27,"column":12}},"27":{"start":{"line":28,"column":0},"end":{"line":28,"column":23}},"28":{"start":{"line":29,"column":0},"end":{"line":29,"column":70}},"29":{"start":{"line":30,"column":0},"end":{"line":30,"column":15}},"30":{"start":{"line":31,"column":0},"end":{"line":31,"column":16}},"31":{"start":{"line":32,"column":0},"end":{"line":32,"column":4}},"32":{"start":{"line":33,"column":0},"end":{"line":33,"column":3}},"33":{"start":{"line":34,"column":0},"end":{"line":34,"column":12}},"34":{"start":{"line":35,"column":0},"end":{"line":35,"column":30}},"35":{"start":{"line":36,"column":0},"end":{"line":36,"column":185}},"36":{"start":{"line":37,"column":0},"end":{"line":37,"column":15}},"37":{"start":{"line":38,"column":0},"end":{"line":38,"column":16}},"38":{"start":{"line":39,"column":0},"end":{"line":39,"column":4}},"39":{"start":{"line":40,"column":0},"end":{"line":40,"column":3}},"40":{"start":{"line":41,"column":0},"end":{"line":41,"column":12}},"41":{"start":{"line":42,"column":0},"end":{"line":42,"column":31}},"42":{"start":{"line":43,"column":0},"end":{"line":43,"column":185}},"43":{"start":{"line":44,"column":0},"end":{"line":44,"column":15}},"44":{"start":{"line":45,"column":0},"end":{"line":45,"column":16}},"45":{"start":{"line":46,"column":0},"end":{"line":46,"column":4}},"46":{"start":{"line":47,"column":0},"end":{"line":47,"column":2}}},"s":{"3":0,"4":0,"5":0,"6":0,"7":0,"8":0,"9":0,"10":0,"11":0,"12":0,"13":0,"14":0,"15":0,"16":0,"17":0,"18":0,"19":0,"20":0,"21":0,"22":0,"23":0,"24":0,"25":0,"26":0,"27":0,"28":0,"29":0,"30":0,"31":0,"32":0,"33":0,"34":0,"35":0,"36":0,"37":0,"38":0,"39":0,"40":0,"41":0,"42":0,"43":0,"44":0,"45":0,"46":0},"branchMap":{"0":{"type":"branch","line":1,"loc":{"start":{"line":1,"column":1527},"end":{"line":47,"column":2}},"locations":[{"start":{"line":1,"column":1527},"end":{"line":47,"column":2}}]}},"b":{"0":[1]},"fnMap":{"0":{"name":"(empty-report)","decl":{"start":{"line":1,"column":1527},"end":{"line":47,"column":2}},"loc":{"start":{"line":1,"column":1527},"end":{"line":47,"column":2}},"line":1}},"f":{"0":1}}
,"C:\\Users\\gerar\\vscodes\\curso-react\\03-gifs-app\\src\\shared\\components\\CustomHeader.tsx": {"path":"C:\\Users\\gerar\\vscodes\\curso-react\\03-gifs-app\\src\\shared\\components\\CustomHeader.tsx","all":false,"statementMap":{"6":{"start":{"line":7,"column":0},"end":{"line":7,"column":64}},"7":{"start":{"line":8,"column":0},"end":{"line":8,"column":10}},"8":{"start":{"line":9,"column":0},"end":{"line":9,"column":36}},"9":{"start":{"line":10,"column":0},"end":{"line":10,"column":24}},"11":{"start":{"line":12,"column":0},"end":{"line":12,"column":28}},"12":{"start":{"line":13,"column":0},"end":{"line":13,"column":36}},"17":{"start":{"line":18,"column":0},"end":{"line":18,"column":1}}},"s":{"6":1,"7":4,"8":4,"9":4,"11":4,"12":4,"17":4},"branchMap":{"0":{"type":"branch","line":7,"loc":{"start":{"line":7,"column":28},"end":{"line":18,"column":1}},"locations":[{"start":{"line":7,"column":28},"end":{"line":18,"column":1}}]}},"b":{"0":[4]},"fnMap":{"0":{"name":"CustomHeader","decl":{"start":{"line":7,"column":28},"end":{"line":18,"column":1}},"loc":{"start":{"line":7,"column":28},"end":{"line":18,"column":1}},"line":7}},"f":{"0":4}}
,"C:\\Users\\gerar\\vscodes\\curso-react\\03-gifs-app\\src\\shared\\components\\SearchBar.tsx": {"path":"C:\\Users\\gerar\\vscodes\\curso-react\\03-gifs-app\\src\\shared\\components\\SearchBar.tsx","all":false,"statementMap":{"0":{"start":{"line":1,"column":0},"end":{"line":1,"column":44}},"8":{"start":{"line":9,"column":0},"end":{"line":9,"column":72}},"9":{"start":{"line":10,"column":0},"end":{"line":10,"column":41}},"11":{"start":{"line":12,"column":0},"end":{"line":12,"column":19}},"12":{"start":{"line":13,"column":0},"end":{"line":13,"column":40}},"13":{"start":{"line":14,"column":0},"end":{"line":14,"column":20}},"14":{"start":{"line":15,"column":0},"end":{"line":15,"column":12}},"15":{"start":{"line":16,"column":0},"end":{"line":16,"column":18}},"16":{"start":{"line":17,"column":0},"end":{"line":17,"column":29}},"17":{"start":{"line":18,"column":0},"end":{"line":18,"column":5}},"18":{"start":{"line":19,"column":0},"end":{"line":19,"column":22}},"20":{"start":{"line":21,"column":0},"end":{"line":21,"column":30}},"21":{"start":{"line":22,"column":0},"end":{"line":22,"column":18}},"22":{"start":{"line":23,"column":0},"end":{"line":23,"column":3}},"24":{"start":{"line":25,"column":0},"end":{"line":25,"column":75}},"25":{"start":{"line":26,"column":0},"end":{"line":26,"column":32}},"26":{"start":{"line":27,"column":0},"end":{"line":27,"column":21}},"27":{"start":{"line":28,"column":0},"end":{"line":28,"column":5}},"28":{"start":{"line":29,"column":0},"end":{"line":29,"column":5}},"29":{"start":{"line":30,"column":0},"end":{"line":30,"column":10}},"30":{"start":{"line":31,"column":0},"end":{"line":31,"column":38}},"31":{"start":{"line":32,"column":0},"end":{"line":32,"column":15}},"32":{"start":{"line":33,"column":0},"end":{"line":33,"column":22}},"33":{"start":{"line":34,"column":0},"end":{"line":34,"column":35}},"34":{"start":{"line":35,"column":0},"end":{"line":35,"column":23}},"35":{"start":{"line":36,"column":0},"end":{"line":36,"column":60}},"36":{"start":{"line":37,"column":0},"end":{"line":37,"column":35}},"38":{"start":{"line":39,"column":0},"end":{"line":39,"column":54}},"41":{"start":{"line":42,"column":0},"end":{"line":42,"column":1}}},"s":{"0":1,"8":1,"9":4,"11":4,"12":4,"13":1,"14":4,"15":4,"16":4,"17":4,"18":4,"20":4,"21":0,"22":0,"24":4,"25":0,"26":0,"27":0,"28":0,"29":4,"30":4,"31":4,"32":4,"33":4,"34":4,"35":4,"36":4,"38":4,"41":4},"branchMap":{"0":{"type":"branch","line":9,"loc":{"start":{"line":9,"column":25},"end":{"line":42,"column":1}},"locations":[{"start":{"line":9,"column":25},"end":{"line":42,"column":1}}]},"1":{"type":"branch","line":12,"loc":{"start":{"line":12,"column":12},"end":{"line":19,"column":5}},"locations":[{"start":{"line":12,"column":12},"end":{"line":19,"column":5}}]},"2":{"type":"branch","line":13,"loc":{"start":{"line":13,"column":33},"end":{"line":15,"column":7}},"locations":[{"start":{"line":13,"column":33},"end":{"line":15,"column":7}}]},"3":{"type":"branch","line":16,"loc":{"start":{"line":16,"column":11},"end":{"line":18,"column":5}},"locations":[{"start":{"line":16,"column":11},"end":{"line":18,"column":5}}]},"4":{"type":"branch","line":36,"loc":{"start":{"line":36,"column":20},"end":{"line":36,"column":60}},"locations":[{"start":{"line":36,"column":20},"end":{"line":36,"column":60}}]}},"b":{"0":[4],"1":[4],"2":[1],"3":[4],"4":[1]},"fnMap":{"0":{"name":"SearchBar","decl":{"start":{"line":9,"column":25},"end":{"line":42,"column":1}},"loc":{"start":{"line":9,"column":25},"end":{"line":42,"column":1}},"line":9},"1":{"name":"handleSearch","decl":{"start":{"line":21,"column":23},"end":{"line":23,"column":3}},"loc":{"start":{"line":21,"column":23},"end":{"line":23,"column":3}},"line":21},"2":{"name":"handleKeyDown","decl":{"start":{"line":25,"column":24},"end":{"line":29,"column":5}},"loc":{"start":{"line":25,"column":24},"end":{"line":29,"column":5}},"line":25},"3":{"name":"onChange","decl":{"start":{"line":36,"column":20},"end":{"line":36,"column":60}},"loc":{"start":{"line":36,"column":20},"end":{"line":36,"column":60}},"line":36}},"f":{"0":4,"1":0,"2":0,"3":1}}
}
